  Compiling CUDA source file kernel.cu...
  
  C:\Users\ramos\Desktop\Lekcje\cude_temp\projektcuda>"C:\Program Files\NVIDIA GPU Computing Toolkit\CUDA\v12.3\bin\nvcc.exe" -gencode=arch=compute_52,code=\"sm_52,compute_52\" --use-local-env -ccbin "C:\Program Files\Microsoft Visual Studio\2022\Community\VC\Tools\MSVC\14.38.33130\bin\HostX64\x64" -x cu   -I"C:\Program Files\NVIDIA GPU Computing Toolkit\CUDA\v12.3\include" -I"C:\Program Files\NVIDIA GPU Computing Toolkit\CUDA\v12.3\include"  -G   --keep-dir x64\Debug  -maxrregcount=0   --machine 64 --compile -cudart static  -g  -DWIN32 -DWIN64 -D_DEBUG -D_CONSOLE -D_MBCS -Xcompiler "/EHsc /W3 /nologo /Od /FS /Zi /RTC1 /MDd " -Xcompiler "/Fdx64\Debug\vc143.pdb" -o C:\Users\ramos\Desktop\Lekcje\cude_temp\projektcuda\x64\Debug\kernel.cu.obj "C:\Users\ramos\Desktop\Lekcje\cude_temp\projektcuda\kernel.cu" 
C:\Users\ramos\Desktop\Lekcje\cude_temp\projektcuda\stb_image.h(4275): warning #550-D: variable "old_limit" was set but never used
       unsigned int cur, limit, old_limit;
                                ^
  
  Remark: The warnings can be suppressed with "-diag-suppress <warning-number>"
  
C:\Users\ramos\Desktop\Lekcje\cude_temp\projektcuda\stb_image.h(5182): warning #550-D: variable "idata_limit_old" was set but never used
                   stbi__uint32 idata_limit_old = idata_limit;
                                ^
  
C:\Users\ramos\Desktop\Lekcje\cude_temp\projektcuda\stb_image.h(6969): warning #550-D: variable "out_size" was set but never used
          int out_size = 0;
              ^
  
C:\Users\ramos\Desktop\Lekcje\cude_temp\projektcuda\stb_image.h(6970): warning #550-D: variable "delays_size" was set but never used
          int delays_size = 0;
              ^
  
C:\Users\ramos\Desktop\Lekcje\cude_temp\projektcuda\kernel.cu(207): warning #177-D: variable "img_sizeA" was declared but never referenced
    	size_t img_sizeA = widthA * heightA * channelsA;
    	       ^
  
C:\Users\ramos\Desktop\Lekcje\cude_temp\projektcuda\kernel.cu(208): warning #177-D: variable "d_imageA" was declared but never referenced
    	uint8_t* d_imageA;
    	         ^
  
  kernel.cu
  tmpxft_00003bec_00000000-7_kernel.cudafe1.cpp
C:\Users\ramos\Desktop\Lekcje\cude_temp\projektcuda\kernel.cu(208): warning C4101: "d_imageA": lokalna zmienna, do której nie istnieje odwołanie
     Trwa tworzenie biblioteki C:\Users\ramos\Desktop\Lekcje\cude_temp\x64\Debug\projektcuda.lib i obiektu C:\Users\ramos\Desktop\Lekcje\cude_temp\x64\Debug\projektcuda.exp
LINK : warning LNK4098: domyślna biblioteka "LIBCMT" powoduje konflikt z innymi bibliotekami; użyj opcji /NODEFAULTLIB:biblioteka
  projektcuda.vcxproj -> C:\Users\ramos\Desktop\Lekcje\cude_temp\x64\Debug\projektcuda.exe
